[2023-06-19T12:17:23.677+0000] {processor.py:153} INFO - Started process (PID=1258) to work on /opt/airflow/dags/dag1.py
[2023-06-19T12:17:23.677+0000] {processor.py:743} INFO - Processing file /opt/airflow/dags/dag1.py for tasks to queue
[2023-06-19T12:17:23.678+0000] {logging_mixin.py:137} INFO - [2023-06-19T12:17:23.678+0000] {dagbag.py:538} INFO - Filling up the DagBag from /opt/airflow/dags/dag1.py
[2023-06-19T12:17:23.776+0000] {processor.py:753} INFO - DAG(s) dict_keys(['hello_world_dag']) retrieved from /opt/airflow/dags/dag1.py
[2023-06-19T12:17:24.482+0000] {logging_mixin.py:137} INFO - [2023-06-19T12:17:24.482+0000] {manager.py:504} INFO - Created Permission View: can delete on DAG:hello_world_dag
[2023-06-19T12:17:24.499+0000] {logging_mixin.py:137} INFO - [2023-06-19T12:17:24.499+0000] {manager.py:504} INFO - Created Permission View: can edit on DAG:hello_world_dag
[2023-06-19T12:17:24.513+0000] {logging_mixin.py:137} INFO - [2023-06-19T12:17:24.513+0000] {manager.py:504} INFO - Created Permission View: can read on DAG:hello_world_dag
[2023-06-19T12:17:24.514+0000] {logging_mixin.py:137} INFO - [2023-06-19T12:17:24.514+0000] {dag.py:2690} INFO - Sync 1 DAGs
[2023-06-19T12:17:24.596+0000] {logging_mixin.py:137} INFO - [2023-06-19T12:17:24.596+0000] {dag.py:2711} INFO - Creating ORM DAG for hello_world_dag
[2023-06-19T12:17:24.614+0000] {logging_mixin.py:137} INFO - [2023-06-19T12:17:24.613+0000] {dag.py:3441} INFO - Setting next_dagrun for hello_world_dag to 2023-05-01T00:00:00+00:00, run_after=2023-05-01T00:00:00+00:00
[2023-06-19T12:17:24.685+0000] {processor.py:175} INFO - Processing /opt/airflow/dags/dag1.py took 1.056 seconds
[2023-06-19T12:17:55.008+0000] {processor.py:153} INFO - Started process (PID=1307) to work on /opt/airflow/dags/dag1.py
[2023-06-19T12:17:55.009+0000] {processor.py:743} INFO - Processing file /opt/airflow/dags/dag1.py for tasks to queue
[2023-06-19T12:17:55.010+0000] {logging_mixin.py:137} INFO - [2023-06-19T12:17:55.010+0000] {dagbag.py:538} INFO - Filling up the DagBag from /opt/airflow/dags/dag1.py
[2023-06-19T12:17:55.025+0000] {processor.py:753} INFO - DAG(s) dict_keys(['hello_world_dag']) retrieved from /opt/airflow/dags/dag1.py
[2023-06-19T12:17:55.051+0000] {logging_mixin.py:137} INFO - [2023-06-19T12:17:55.051+0000] {dag.py:2690} INFO - Sync 1 DAGs
[2023-06-19T12:17:55.078+0000] {logging_mixin.py:137} INFO - [2023-06-19T12:17:55.077+0000] {dag.py:3441} INFO - Setting next_dagrun for hello_world_dag to 2023-05-01T00:00:00+00:00, run_after=2023-05-01T00:00:00+00:00
[2023-06-19T12:17:55.106+0000] {processor.py:175} INFO - Processing /opt/airflow/dags/dag1.py took 0.101 seconds
[2023-06-19T12:18:25.220+0000] {processor.py:153} INFO - Started process (PID=1356) to work on /opt/airflow/dags/dag1.py
[2023-06-19T12:18:25.221+0000] {processor.py:743} INFO - Processing file /opt/airflow/dags/dag1.py for tasks to queue
[2023-06-19T12:18:25.222+0000] {logging_mixin.py:137} INFO - [2023-06-19T12:18:25.222+0000] {dagbag.py:538} INFO - Filling up the DagBag from /opt/airflow/dags/dag1.py
[2023-06-19T12:18:25.240+0000] {processor.py:753} INFO - DAG(s) dict_keys(['hello_world_dag']) retrieved from /opt/airflow/dags/dag1.py
[2023-06-19T12:18:25.275+0000] {logging_mixin.py:137} INFO - [2023-06-19T12:18:25.275+0000] {dag.py:2690} INFO - Sync 1 DAGs
[2023-06-19T12:18:25.312+0000] {logging_mixin.py:137} INFO - [2023-06-19T12:18:25.312+0000] {dag.py:3441} INFO - Setting next_dagrun for hello_world_dag to 2023-05-01T00:00:00+00:00, run_after=2023-05-01T00:00:00+00:00
[2023-06-19T12:18:25.338+0000] {processor.py:175} INFO - Processing /opt/airflow/dags/dag1.py took 0.123 seconds
[2023-06-19T12:18:55.469+0000] {processor.py:153} INFO - Started process (PID=1405) to work on /opt/airflow/dags/dag1.py
[2023-06-19T12:18:55.470+0000] {processor.py:743} INFO - Processing file /opt/airflow/dags/dag1.py for tasks to queue
[2023-06-19T12:18:55.471+0000] {logging_mixin.py:137} INFO - [2023-06-19T12:18:55.471+0000] {dagbag.py:538} INFO - Filling up the DagBag from /opt/airflow/dags/dag1.py
[2023-06-19T12:18:55.485+0000] {processor.py:753} INFO - DAG(s) dict_keys(['hello_world_dag']) retrieved from /opt/airflow/dags/dag1.py
[2023-06-19T12:18:55.522+0000] {logging_mixin.py:137} INFO - [2023-06-19T12:18:55.522+0000] {dag.py:2690} INFO - Sync 1 DAGs
[2023-06-19T12:18:55.553+0000] {logging_mixin.py:137} INFO - [2023-06-19T12:18:55.553+0000] {dag.py:3441} INFO - Setting next_dagrun for hello_world_dag to 2023-05-01T00:00:00+00:00, run_after=2023-05-01T00:00:00+00:00
[2023-06-19T12:18:55.580+0000] {processor.py:175} INFO - Processing /opt/airflow/dags/dag1.py took 0.114 seconds
[2023-06-19T12:19:25.724+0000] {processor.py:153} INFO - Started process (PID=1461) to work on /opt/airflow/dags/dag1.py
[2023-06-19T12:19:25.727+0000] {processor.py:743} INFO - Processing file /opt/airflow/dags/dag1.py for tasks to queue
[2023-06-19T12:19:25.728+0000] {logging_mixin.py:137} INFO - [2023-06-19T12:19:25.728+0000] {dagbag.py:538} INFO - Filling up the DagBag from /opt/airflow/dags/dag1.py
[2023-06-19T12:19:25.740+0000] {processor.py:753} INFO - DAG(s) dict_keys(['hello_world_dag']) retrieved from /opt/airflow/dags/dag1.py
[2023-06-19T12:19:25.767+0000] {logging_mixin.py:137} INFO - [2023-06-19T12:19:25.766+0000] {dag.py:2690} INFO - Sync 1 DAGs
[2023-06-19T12:19:25.811+0000] {logging_mixin.py:137} INFO - [2023-06-19T12:19:25.810+0000] {dag.py:3441} INFO - Setting next_dagrun for hello_world_dag to 2023-05-01T00:00:00+00:00, run_after=2023-05-01T00:00:00+00:00
[2023-06-19T12:19:25.840+0000] {processor.py:175} INFO - Processing /opt/airflow/dags/dag1.py took 0.118 seconds
[2023-06-19T12:19:56.021+0000] {processor.py:153} INFO - Started process (PID=1527) to work on /opt/airflow/dags/dag1.py
[2023-06-19T12:19:56.025+0000] {processor.py:743} INFO - Processing file /opt/airflow/dags/dag1.py for tasks to queue
[2023-06-19T12:19:56.027+0000] {logging_mixin.py:137} INFO - [2023-06-19T12:19:56.026+0000] {dagbag.py:538} INFO - Filling up the DagBag from /opt/airflow/dags/dag1.py
[2023-06-19T12:19:56.047+0000] {processor.py:753} INFO - DAG(s) dict_keys(['hello_world_dag']) retrieved from /opt/airflow/dags/dag1.py
[2023-06-19T12:19:56.110+0000] {logging_mixin.py:137} INFO - [2023-06-19T12:19:56.109+0000] {dag.py:2690} INFO - Sync 1 DAGs
[2023-06-19T12:19:56.188+0000] {logging_mixin.py:137} INFO - [2023-06-19T12:19:56.187+0000] {dag.py:3441} INFO - Setting next_dagrun for hello_world_dag to 2023-05-01T00:00:00+00:00, run_after=2023-05-01T00:00:00+00:00
[2023-06-19T12:19:56.219+0000] {processor.py:175} INFO - Processing /opt/airflow/dags/dag1.py took 0.204 seconds
[2023-06-19T12:20:26.312+0000] {processor.py:153} INFO - Started process (PID=1576) to work on /opt/airflow/dags/dag1.py
[2023-06-19T12:20:26.314+0000] {processor.py:743} INFO - Processing file /opt/airflow/dags/dag1.py for tasks to queue
[2023-06-19T12:20:26.315+0000] {logging_mixin.py:137} INFO - [2023-06-19T12:20:26.315+0000] {dagbag.py:538} INFO - Filling up the DagBag from /opt/airflow/dags/dag1.py
[2023-06-19T12:20:26.333+0000] {processor.py:753} INFO - DAG(s) dict_keys(['hello_world_dag']) retrieved from /opt/airflow/dags/dag1.py
[2023-06-19T12:20:26.396+0000] {logging_mixin.py:137} INFO - [2023-06-19T12:20:26.396+0000] {dag.py:2690} INFO - Sync 1 DAGs
[2023-06-19T12:20:26.482+0000] {logging_mixin.py:137} INFO - [2023-06-19T12:20:26.482+0000] {dag.py:3441} INFO - Setting next_dagrun for hello_world_dag to 2023-05-01T00:00:00+00:00, run_after=2023-05-01T00:00:00+00:00
[2023-06-19T12:20:26.509+0000] {processor.py:175} INFO - Processing /opt/airflow/dags/dag1.py took 0.200 seconds
[2023-06-19T12:20:56.716+0000] {processor.py:153} INFO - Started process (PID=1625) to work on /opt/airflow/dags/dag1.py
[2023-06-19T12:20:56.717+0000] {processor.py:743} INFO - Processing file /opt/airflow/dags/dag1.py for tasks to queue
[2023-06-19T12:20:56.718+0000] {logging_mixin.py:137} INFO - [2023-06-19T12:20:56.718+0000] {dagbag.py:538} INFO - Filling up the DagBag from /opt/airflow/dags/dag1.py
[2023-06-19T12:20:56.731+0000] {processor.py:753} INFO - DAG(s) dict_keys(['hello_world_dag']) retrieved from /opt/airflow/dags/dag1.py
[2023-06-19T12:20:56.763+0000] {logging_mixin.py:137} INFO - [2023-06-19T12:20:56.762+0000] {dag.py:2690} INFO - Sync 1 DAGs
[2023-06-19T12:20:56.793+0000] {logging_mixin.py:137} INFO - [2023-06-19T12:20:56.793+0000] {dag.py:3441} INFO - Setting next_dagrun for hello_world_dag to 2023-05-01T00:00:00+00:00, run_after=2023-05-01T00:00:00+00:00
[2023-06-19T12:20:56.821+0000] {processor.py:175} INFO - Processing /opt/airflow/dags/dag1.py took 0.108 seconds
[2023-06-19T12:21:27.029+0000] {processor.py:153} INFO - Started process (PID=1674) to work on /opt/airflow/dags/dag1.py
[2023-06-19T12:21:27.031+0000] {processor.py:743} INFO - Processing file /opt/airflow/dags/dag1.py for tasks to queue
[2023-06-19T12:21:27.032+0000] {logging_mixin.py:137} INFO - [2023-06-19T12:21:27.031+0000] {dagbag.py:538} INFO - Filling up the DagBag from /opt/airflow/dags/dag1.py
[2023-06-19T12:21:27.044+0000] {processor.py:753} INFO - DAG(s) dict_keys(['hello_world_dag']) retrieved from /opt/airflow/dags/dag1.py
[2023-06-19T12:21:27.082+0000] {logging_mixin.py:137} INFO - [2023-06-19T12:21:27.082+0000] {dag.py:2690} INFO - Sync 1 DAGs
[2023-06-19T12:21:27.117+0000] {logging_mixin.py:137} INFO - [2023-06-19T12:21:27.117+0000] {dag.py:3441} INFO - Setting next_dagrun for hello_world_dag to 2023-05-01T00:00:00+00:00, run_after=2023-05-01T00:00:00+00:00
[2023-06-19T12:21:27.142+0000] {processor.py:175} INFO - Processing /opt/airflow/dags/dag1.py took 0.116 seconds
[2023-06-19T12:21:57.270+0000] {processor.py:153} INFO - Started process (PID=1747) to work on /opt/airflow/dags/dag1.py
[2023-06-19T12:21:57.271+0000] {processor.py:743} INFO - Processing file /opt/airflow/dags/dag1.py for tasks to queue
[2023-06-19T12:21:57.272+0000] {logging_mixin.py:137} INFO - [2023-06-19T12:21:57.272+0000] {dagbag.py:538} INFO - Filling up the DagBag from /opt/airflow/dags/dag1.py
[2023-06-19T12:21:57.290+0000] {processor.py:753} INFO - DAG(s) dict_keys(['hello_world_dag']) retrieved from /opt/airflow/dags/dag1.py
[2023-06-19T12:21:57.329+0000] {logging_mixin.py:137} INFO - [2023-06-19T12:21:57.329+0000] {dag.py:2690} INFO - Sync 1 DAGs
[2023-06-19T12:21:57.371+0000] {logging_mixin.py:137} INFO - [2023-06-19T12:21:57.371+0000] {dag.py:3441} INFO - Setting next_dagrun for hello_world_dag to 2023-05-01T00:00:00+00:00, run_after=2023-05-01T00:00:00+00:00
[2023-06-19T12:21:57.404+0000] {processor.py:175} INFO - Processing /opt/airflow/dags/dag1.py took 0.138 seconds
[2023-06-19T12:22:27.569+0000] {processor.py:153} INFO - Started process (PID=1796) to work on /opt/airflow/dags/dag1.py
[2023-06-19T12:22:27.570+0000] {processor.py:743} INFO - Processing file /opt/airflow/dags/dag1.py for tasks to queue
[2023-06-19T12:22:27.571+0000] {logging_mixin.py:137} INFO - [2023-06-19T12:22:27.571+0000] {dagbag.py:538} INFO - Filling up the DagBag from /opt/airflow/dags/dag1.py
[2023-06-19T12:22:27.588+0000] {processor.py:753} INFO - DAG(s) dict_keys(['hello_world_dag']) retrieved from /opt/airflow/dags/dag1.py
[2023-06-19T12:22:27.619+0000] {logging_mixin.py:137} INFO - [2023-06-19T12:22:27.618+0000] {dag.py:2690} INFO - Sync 1 DAGs
[2023-06-19T12:22:27.646+0000] {logging_mixin.py:137} INFO - [2023-06-19T12:22:27.646+0000] {dag.py:3441} INFO - Setting next_dagrun for hello_world_dag to 2023-05-01T00:00:00+00:00, run_after=2023-05-01T00:00:00+00:00
[2023-06-19T12:22:27.667+0000] {processor.py:175} INFO - Processing /opt/airflow/dags/dag1.py took 0.101 seconds
[2023-06-19T12:22:57.832+0000] {processor.py:153} INFO - Started process (PID=1845) to work on /opt/airflow/dags/dag1.py
[2023-06-19T12:22:57.833+0000] {processor.py:743} INFO - Processing file /opt/airflow/dags/dag1.py for tasks to queue
[2023-06-19T12:22:57.833+0000] {logging_mixin.py:137} INFO - [2023-06-19T12:22:57.833+0000] {dagbag.py:538} INFO - Filling up the DagBag from /opt/airflow/dags/dag1.py
[2023-06-19T12:22:57.846+0000] {processor.py:753} INFO - DAG(s) dict_keys(['hello_world_dag']) retrieved from /opt/airflow/dags/dag1.py
[2023-06-19T12:22:57.872+0000] {logging_mixin.py:137} INFO - [2023-06-19T12:22:57.872+0000] {dag.py:2690} INFO - Sync 1 DAGs
[2023-06-19T12:22:57.907+0000] {logging_mixin.py:137} INFO - [2023-06-19T12:22:57.907+0000] {dag.py:3441} INFO - Setting next_dagrun for hello_world_dag to 2023-05-01T00:00:00+00:00, run_after=2023-05-01T00:00:00+00:00
[2023-06-19T12:22:57.929+0000] {processor.py:175} INFO - Processing /opt/airflow/dags/dag1.py took 0.100 seconds
[2023-06-19T12:23:28.049+0000] {processor.py:153} INFO - Started process (PID=1903) to work on /opt/airflow/dags/dag1.py
[2023-06-19T12:23:28.050+0000] {processor.py:743} INFO - Processing file /opt/airflow/dags/dag1.py for tasks to queue
[2023-06-19T12:23:28.051+0000] {logging_mixin.py:137} INFO - [2023-06-19T12:23:28.051+0000] {dagbag.py:538} INFO - Filling up the DagBag from /opt/airflow/dags/dag1.py
[2023-06-19T12:23:28.065+0000] {processor.py:753} INFO - DAG(s) dict_keys(['hello_world_dag']) retrieved from /opt/airflow/dags/dag1.py
[2023-06-19T12:23:28.094+0000] {logging_mixin.py:137} INFO - [2023-06-19T12:23:28.093+0000] {dag.py:2690} INFO - Sync 1 DAGs
[2023-06-19T12:23:28.123+0000] {logging_mixin.py:137} INFO - [2023-06-19T12:23:28.122+0000] {dag.py:3441} INFO - Setting next_dagrun for hello_world_dag to None, run_after=None
[2023-06-19T12:23:28.145+0000] {processor.py:175} INFO - Processing /opt/airflow/dags/dag1.py took 0.099 seconds
[2023-06-19T12:23:30.118+0000] {processor.py:153} INFO - Started process (PID=1919) to work on /opt/airflow/dags/dag1.py
[2023-06-19T12:23:30.120+0000] {processor.py:743} INFO - Processing file /opt/airflow/dags/dag1.py for tasks to queue
[2023-06-19T12:23:30.121+0000] {logging_mixin.py:137} INFO - [2023-06-19T12:23:30.120+0000] {dagbag.py:538} INFO - Filling up the DagBag from /opt/airflow/dags/dag1.py
[2023-06-19T12:23:30.134+0000] {logging_mixin.py:137} INFO - [2023-06-19T12:23:30.130+0000] {dagbag.py:440} ERROR - Failed to bag_dag: /opt/airflow/dags/dag1.py
Traceback (most recent call last):
  File "/home/airflow/.local/lib/python3.7/site-packages/airflow/timetables/_cron.py", line 88, in validate
    croniter(self._expression)
  File "/home/airflow/.local/lib/python3.7/site-packages/croniter/croniter.py", line 166, in __init__
    self.expanded, self.nth_weekday_of_month = self.expand(expr_format, hash_id=hash_id)
  File "/home/airflow/.local/lib/python3.7/site-packages/croniter/croniter.py", line 778, in expand
    return cls._expand(expr_format, hash_id=hash_id)
  File "/home/airflow/.local/lib/python3.7/site-packages/croniter/croniter.py", line 624, in _expand
    raise CroniterBadCronError(cls.bad_length)
croniter.croniter.CroniterBadCronError: Exactly 5 or 6 columns has to be specified for iterator expression.

During handling of the above exception, another exception occurred:

Traceback (most recent call last):
  File "/home/airflow/.local/lib/python3.7/site-packages/airflow/models/dagbag.py", line 437, in _process_modules
    dag.validate()
  File "/home/airflow/.local/lib/python3.7/site-packages/airflow/models/dag.py", line 669, in validate
    self.timetable.validate()
  File "/home/airflow/.local/lib/python3.7/site-packages/airflow/timetables/_cron.py", line 90, in validate
    raise AirflowTimetableInvalid(str(e))
airflow.exceptions.AirflowTimetableInvalid: Exactly 5 or 6 columns has to be specified for iterator expression.
[2023-06-19T12:23:30.134+0000] {processor.py:755} WARNING - No viable dags retrieved from /opt/airflow/dags/dag1.py
[2023-06-19T12:23:30.186+0000] {processor.py:175} INFO - Processing /opt/airflow/dags/dag1.py took 0.070 seconds
[2023-06-19T12:23:35.223+0000] {processor.py:153} INFO - Started process (PID=1920) to work on /opt/airflow/dags/dag1.py
[2023-06-19T12:23:35.223+0000] {processor.py:743} INFO - Processing file /opt/airflow/dags/dag1.py for tasks to queue
[2023-06-19T12:23:35.224+0000] {logging_mixin.py:137} INFO - [2023-06-19T12:23:35.224+0000] {dagbag.py:538} INFO - Filling up the DagBag from /opt/airflow/dags/dag1.py
[2023-06-19T12:23:35.239+0000] {processor.py:753} INFO - DAG(s) dict_keys(['hello_world_dag']) retrieved from /opt/airflow/dags/dag1.py
[2023-06-19T12:23:35.305+0000] {logging_mixin.py:137} INFO - [2023-06-19T12:23:35.305+0000] {dag.py:2690} INFO - Sync 1 DAGs
[2023-06-19T12:23:35.336+0000] {logging_mixin.py:137} INFO - [2023-06-19T12:23:35.336+0000] {dag.py:3441} INFO - Setting next_dagrun for hello_world_dag to 2023-05-01T00:00:00+00:00, run_after=2023-05-01T00:01:00+00:00
[2023-06-19T12:23:35.365+0000] {processor.py:175} INFO - Processing /opt/airflow/dags/dag1.py took 0.145 seconds
[2023-06-19T12:23:36.400+0000] {processor.py:153} INFO - Started process (PID=1921) to work on /opt/airflow/dags/dag1.py
[2023-06-19T12:23:36.401+0000] {processor.py:743} INFO - Processing file /opt/airflow/dags/dag1.py for tasks to queue
[2023-06-19T12:23:36.402+0000] {logging_mixin.py:137} INFO - [2023-06-19T12:23:36.402+0000] {dagbag.py:538} INFO - Filling up the DagBag from /opt/airflow/dags/dag1.py
[2023-06-19T12:23:36.408+0000] {logging_mixin.py:137} INFO - [2023-06-19T12:23:36.407+0000] {dagbag.py:343} ERROR - Failed to import: /opt/airflow/dags/dag1.py
Traceback (most recent call last):
  File "/home/airflow/.local/lib/python3.7/site-packages/airflow/models/dagbag.py", line 339, in parse
    loader.exec_module(new_module)
  File "<frozen importlib._bootstrap_external>", line 728, in exec_module
  File "<frozen importlib._bootstrap>", line 219, in _call_with_frames_removed
  File "/opt/airflow/dags/dag1.py", line 15, in <module>
    start_date=datetime(2023, 5, ),
TypeError: function missing required argument 'day' (pos 3)
[2023-06-19T12:23:36.408+0000] {processor.py:755} WARNING - No viable dags retrieved from /opt/airflow/dags/dag1.py
[2023-06-19T12:23:36.428+0000] {processor.py:175} INFO - Processing /opt/airflow/dags/dag1.py took 0.031 seconds
[2023-06-19T12:23:38.431+0000] {processor.py:153} INFO - Started process (PID=1922) to work on /opt/airflow/dags/dag1.py
[2023-06-19T12:23:38.431+0000] {processor.py:743} INFO - Processing file /opt/airflow/dags/dag1.py for tasks to queue
[2023-06-19T12:23:38.433+0000] {logging_mixin.py:137} INFO - [2023-06-19T12:23:38.433+0000] {dagbag.py:538} INFO - Filling up the DagBag from /opt/airflow/dags/dag1.py
[2023-06-19T12:23:38.450+0000] {processor.py:753} INFO - DAG(s) dict_keys(['hello_world_dag']) retrieved from /opt/airflow/dags/dag1.py
[2023-06-19T12:23:38.463+0000] {logging_mixin.py:137} INFO - [2023-06-19T12:23:38.463+0000] {dag.py:2690} INFO - Sync 1 DAGs
[2023-06-19T12:23:38.492+0000] {logging_mixin.py:137} INFO - [2023-06-19T12:23:38.492+0000] {dag.py:3441} INFO - Setting next_dagrun for hello_world_dag to 2023-05-01T00:00:00+00:00, run_after=2023-05-01T00:01:00+00:00
[2023-06-19T12:23:38.514+0000] {processor.py:175} INFO - Processing /opt/airflow/dags/dag1.py took 0.087 seconds
[2023-06-19T12:23:40.473+0000] {processor.py:153} INFO - Started process (PID=1923) to work on /opt/airflow/dags/dag1.py
[2023-06-19T12:23:40.474+0000] {processor.py:743} INFO - Processing file /opt/airflow/dags/dag1.py for tasks to queue
[2023-06-19T12:23:40.474+0000] {logging_mixin.py:137} INFO - [2023-06-19T12:23:40.474+0000] {dagbag.py:538} INFO - Filling up the DagBag from /opt/airflow/dags/dag1.py
[2023-06-19T12:23:40.489+0000] {processor.py:753} INFO - DAG(s) dict_keys(['hello_world_dag']) retrieved from /opt/airflow/dags/dag1.py
[2023-06-19T12:23:40.503+0000] {logging_mixin.py:137} INFO - [2023-06-19T12:23:40.503+0000] {dag.py:2690} INFO - Sync 1 DAGs
[2023-06-19T12:23:40.533+0000] {logging_mixin.py:137} INFO - [2023-06-19T12:23:40.533+0000] {dag.py:3441} INFO - Setting next_dagrun for hello_world_dag to 2023-05-19T00:00:00+00:00, run_after=2023-05-19T00:01:00+00:00
[2023-06-19T12:23:40.555+0000] {processor.py:175} INFO - Processing /opt/airflow/dags/dag1.py took 0.086 seconds
[2023-06-19T12:23:42.597+0000] {processor.py:153} INFO - Started process (PID=1948) to work on /opt/airflow/dags/dag1.py
[2023-06-19T12:23:42.598+0000] {processor.py:743} INFO - Processing file /opt/airflow/dags/dag1.py for tasks to queue
[2023-06-19T12:23:42.599+0000] {logging_mixin.py:137} INFO - [2023-06-19T12:23:42.599+0000] {dagbag.py:538} INFO - Filling up the DagBag from /opt/airflow/dags/dag1.py
[2023-06-19T12:23:42.616+0000] {processor.py:753} INFO - DAG(s) dict_keys(['hello_world_dag']) retrieved from /opt/airflow/dags/dag1.py
[2023-06-19T12:23:42.630+0000] {logging_mixin.py:137} INFO - [2023-06-19T12:23:42.630+0000] {dag.py:2690} INFO - Sync 1 DAGs
[2023-06-19T12:23:42.699+0000] {logging_mixin.py:137} INFO - [2023-06-19T12:23:42.699+0000] {dag.py:3441} INFO - Setting next_dagrun for hello_world_dag to 2023-06-19T00:00:00+00:00, run_after=2023-06-19T00:01:00+00:00
[2023-06-19T12:23:42.724+0000] {processor.py:175} INFO - Processing /opt/airflow/dags/dag1.py took 0.130 seconds
[2023-06-19T12:24:13.084+0000] {processor.py:153} INFO - Started process (PID=1997) to work on /opt/airflow/dags/dag1.py
[2023-06-19T12:24:13.088+0000] {processor.py:743} INFO - Processing file /opt/airflow/dags/dag1.py for tasks to queue
[2023-06-19T12:24:13.089+0000] {logging_mixin.py:137} INFO - [2023-06-19T12:24:13.089+0000] {dagbag.py:538} INFO - Filling up the DagBag from /opt/airflow/dags/dag1.py
[2023-06-19T12:24:13.191+0000] {processor.py:753} INFO - DAG(s) dict_keys(['hello_world_dag']) retrieved from /opt/airflow/dags/dag1.py
[2023-06-19T12:24:13.576+0000] {logging_mixin.py:137} INFO - [2023-06-19T12:24:13.576+0000] {dag.py:2690} INFO - Sync 1 DAGs
[2023-06-19T12:24:13.685+0000] {logging_mixin.py:137} INFO - [2023-06-19T12:24:13.684+0000] {dag.py:3441} INFO - Setting next_dagrun for hello_world_dag to 2023-06-19T00:38:00+00:00, run_after=2023-06-19T00:39:00+00:00
[2023-06-19T12:24:13.712+0000] {processor.py:175} INFO - Processing /opt/airflow/dags/dag1.py took 0.633 seconds
[2023-06-19T12:24:43.924+0000] {processor.py:153} INFO - Started process (PID=2047) to work on /opt/airflow/dags/dag1.py
[2023-06-19T12:24:43.925+0000] {processor.py:743} INFO - Processing file /opt/airflow/dags/dag1.py for tasks to queue
[2023-06-19T12:24:43.926+0000] {logging_mixin.py:137} INFO - [2023-06-19T12:24:43.926+0000] {dagbag.py:538} INFO - Filling up the DagBag from /opt/airflow/dags/dag1.py
[2023-06-19T12:24:43.939+0000] {processor.py:753} INFO - DAG(s) dict_keys(['hello_world_dag']) retrieved from /opt/airflow/dags/dag1.py
[2023-06-19T12:24:43.976+0000] {logging_mixin.py:137} INFO - [2023-06-19T12:24:43.976+0000] {dag.py:2690} INFO - Sync 1 DAGs
[2023-06-19T12:24:44.009+0000] {logging_mixin.py:137} INFO - [2023-06-19T12:24:44.009+0000] {dag.py:3441} INFO - Setting next_dagrun for hello_world_dag to 2023-06-19T00:38:00+00:00, run_after=2023-06-19T00:39:00+00:00
[2023-06-19T12:24:44.030+0000] {processor.py:175} INFO - Processing /opt/airflow/dags/dag1.py took 0.109 seconds
